0 info it worked if it ends with ok
1 verbose cli [ 'C:\\Program Files\\nodejs\\node.exe',
1 verbose cli   'C:\\Users\\seal8\\AppData\\Roaming\\npm\\node_modules\\npm\\bin\\npm-cli.js',
1 verbose cli   'start' ]
2 info using npm@3.10.8
3 info using node@v6.2.1
4 verbose run-script [ 'prestart', 'start', 'poststart' ]
5 info lifecycle tw-ui-combo@0.0.1~prestart: tw-ui-combo@0.0.1
6 silly lifecycle tw-ui-combo@0.0.1~prestart: no script for prestart, continuing
7 info lifecycle tw-ui-combo@0.0.1~start: tw-ui-combo@0.0.1
8 verbose lifecycle tw-ui-combo@0.0.1~start: unsafe-perm in lifecycle true
9 verbose lifecycle tw-ui-combo@0.0.1~start: PATH: C:\Users\seal8\AppData\Roaming\npm\node_modules\npm\bin\node-gyp-bin;C:\Users\seal8\Projects\tw-ui-combo\node_modules\.bin;C:\Users\seal8\AppData\Roaming\npm;C:\Program Files\nodejs\;C:\Program Files (x86)\iis express\PHP\v5.4;C:\Program Files\Microsoft MPI\Bin\;C:\Program Files\Python27\;C:\Program Files\Python27\Scripts;C:\ProgramData\Oracle\Java\javapath;C:\Windows\system32;C:\Windows;C:\Windows\System32\Wbem;C:\Windows\System32\WindowsPowerShell\v1.0\;C:\Program Files\nodejs\;C:\Program Files (x86)\Skype\Phone\;C:\Program Files\Microsoft SQL Server\120\Tools\Binn\;C:\Program Files\Microsoft SQL Server\130\Tools\Binn\;C:\Program Files\Microsoft SQL Server\120\DTS\Binn\;C:\Program Files (x86)\Microsoft SQL Server\130\Tools\Binn\;C:\Program Files (x86)\Microsoft SQL Server\130\DTS\Binn\;C:\Program Files\Microsoft SQL Server\130\DTS\Binn\;C:\Program Files\Microsoft SQL Server\Client SDK\ODBC\130\Tools\Binn\;C:\Program Files (x86)\Microsoft SQL Server\Client SDK\ODBC\130\Tools\Binn\;C:\Program Files (x86)\Microsoft SQL Server\130\Tools\Binn\ManagementStudio\;C:\Program Files (x86)\Microsoft SQL Server\110\DTS\Binn\;C:\Program Files\Microsoft DNX\Dnvm\;C:\Program Files\TortoiseHg\;C:\Program Files (x86)\Microsoft SDKs\Azure\CLI\wbin;C:\WINDOWS\system32;C:\WINDOWS;C:\WINDOWS\System32\Wbem;C:\WINDOWS\System32\WindowsPowerShell\v1.0\;C:\Program Files\Git\cmd;C:\Program Files\Microsoft\Web Platform Installer\;C:\Program Files\dotnet\;C:\Users\seal8\AppData\Roaming\npm;C:\Program Files (x86)\Microsoft VS Code\bin;C:\Users\seal8\AppData\Local\atom\bin;C:\Users\seal8\AppData\Local\Microsoft\WindowsApps;C:\Users\seal8\AppData\Local\Android\sdk\platform-tools
10 verbose lifecycle tw-ui-combo@0.0.1~start: CWD: C:\Users\seal8\Projects\tw-ui-combo
11 silly lifecycle tw-ui-combo@0.0.1~start: Args: [ '/d /s /c', 'gulp serve-sync' ]
12 silly lifecycle tw-ui-combo@0.0.1~start: Returned: code: 1  signal: null
13 info lifecycle tw-ui-combo@0.0.1~start: Failed to exec start script
14 verbose stack Error: tw-ui-combo@0.0.1 start: `gulp serve-sync`
14 verbose stack Exit status 1
14 verbose stack     at EventEmitter.<anonymous> (C:\Users\seal8\AppData\Roaming\npm\node_modules\npm\lib\utils\lifecycle.js:255:16)
14 verbose stack     at emitTwo (events.js:106:13)
14 verbose stack     at EventEmitter.emit (events.js:191:7)
14 verbose stack     at ChildProcess.<anonymous> (C:\Users\seal8\AppData\Roaming\npm\node_modules\npm\lib\utils\spawn.js:40:14)
14 verbose stack     at emitTwo (events.js:106:13)
14 verbose stack     at ChildProcess.emit (events.js:191:7)
14 verbose stack     at maybeClose (internal/child_process.js:852:16)
14 verbose stack     at Process.ChildProcess._handle.onexit (internal/child_process.js:215:5)
15 verbose pkgid tw-ui-combo@0.0.1
16 verbose cwd C:\Users\seal8\Projects\tw-ui-combo
17 error Windows_NT 10.0.14393
18 error argv "C:\\Program Files\\nodejs\\node.exe" "C:\\Users\\seal8\\AppData\\Roaming\\npm\\node_modules\\npm\\bin\\npm-cli.js" "start"
19 error node v6.2.1
20 error npm  v3.10.8
21 error code ELIFECYCLE
22 error tw-ui-combo@0.0.1 start: `gulp serve-sync`
22 error Exit status 1
23 error Failed at the tw-ui-combo@0.0.1 start script 'gulp serve-sync'.
23 error Make sure you have the latest version of node.js and npm installed.
23 error If you do, this is most likely a problem with the tw-ui-combo package,
23 error not with npm itself.
23 error Tell the author that this fails on your system:
23 error     gulp serve-sync
23 error You can get information on how to open an issue for this project with:
23 error     npm bugs tw-ui-combo
23 error Or if that isn't available, you can get their info via:
23 error     npm owner ls tw-ui-combo
23 error There is likely additional logging output above.
24 verbose exit [ 1, true ]
